{"/Users/john/Desktop/Local Coding Projects/cs3219-clone/services/question-service/src/controllers/controller.abstract.ts": {"path":"/Users/john/Desktop/Local Coding Projects/cs3219-clone/services/question-service/src/controllers/controller.abstract.ts","statementMap":{"0":{"start":{"line":3,"column":0},"end":{"line":3,"column":37}},"1":{"start":{"line":10,"column":4},"end":{"line":13,"column":7}},"2":{"start":{"line":17,"column":4},"end":{"line":17,"column":48}},"3":{"start":{"line":21,"column":4},"end":{"line":24,"column":7}},"4":{"start":{"line":28,"column":4},"end":{"line":31,"column":7}},"5":{"start":{"line":35,"column":4},"end":{"line":38,"column":7}},"6":{"start":{"line":42,"column":4},"end":{"line":42,"column":60}},"7":{"start":{"line":46,"column":0},"end":{"line":46,"column":26}}},"fnMap":{"0":{"name":"(anonymous_1)","decl":{"start":{"line":6,"column":12},"end":{"line":6,"column":18}},"loc":{"start":{"line":8,"column":35},"end":{"line":14,"column":3}}},"1":{"name":"(anonymous_2)","decl":{"start":{"line":16,"column":12},"end":{"line":16,"column":18}},"loc":{"start":{"line":16,"column":57},"end":{"line":18,"column":3}}},"2":{"name":"(anonymous_3)","decl":{"start":{"line":20,"column":12},"end":{"line":20,"column":18}},"loc":{"start":{"line":20,"column":66},"end":{"line":25,"column":3}}},"3":{"name":"(anonymous_4)","decl":{"start":{"line":27,"column":12},"end":{"line":27,"column":18}},"loc":{"start":{"line":27,"column":64},"end":{"line":32,"column":3}}},"4":{"name":"(anonymous_5)","decl":{"start":{"line":34,"column":12},"end":{"line":34,"column":18}},"loc":{"start":{"line":34,"column":61},"end":{"line":39,"column":3}}},"5":{"name":"(anonymous_6)","decl":{"start":{"line":41,"column":9},"end":{"line":41,"column":20}},"loc":{"start":{"line":41,"column":49},"end":{"line":43,"column":3}}}},"branchMap":{},"s":{"0":6,"1":6,"2":12,"3":12,"4":0,"5":4,"6":6,"7":6},"f":{"0":6,"1":12,"2":12,"3":0,"4":4,"5":6},"b":{}}
,"/Users/john/Desktop/Local Coding Projects/cs3219-clone/services/question-service/src/controllers/question/question.controller.ts": {"path":"/Users/john/Desktop/Local Coding Projects/cs3219-clone/services/question-service/src/controllers/question/question.controller.ts","statementMap":{"0":{"start":{"line":2,"column":0},"end":{"line":2,"column":53}},"1":{"start":{"line":10,"column":0},"end":{"line":10,"column":48}},"2":{"start":{"line":20,"column":4},"end":{"line":20,"column":12}},"3":{"start":{"line":16,"column":21},"end":{"line":16,"column":45}},"4":{"start":{"line":17,"column":21},"end":{"line":17,"column":43}},"5":{"start":{"line":18,"column":21},"end":{"line":18,"column":52}},"6":{"start":{"line":23,"column":9},"end":{"line":39,"column":4}},"7":{"start":{"line":23,"column":56},"end":{"line":39,"column":4}},"8":{"start":{"line":24,"column":19},"end":{"line":24,"column":40}},"9":{"start":{"line":26,"column":4},"end":{"line":28,"column":null}},"10":{"start":{"line":27,"column":6},"end":{"line":27,"column":67}},"11":{"start":{"line":29,"column":4},"end":{"line":38,"column":null}},"12":{"start":{"line":30,"column":29},"end":{"line":30,"column":67}},"13":{"start":{"line":31,"column":23},"end":{"line":31,"column":64}},"14":{"start":{"line":32,"column":6},"end":{"line":34,"column":null}},"15":{"start":{"line":33,"column":8},"end":{"line":33,"column":44}},"16":{"start":{"line":35,"column":6},"end":{"line":35,"column":61}},"17":{"start":{"line":37,"column":6},"end":{"line":37,"column":65}},"18":{"start":{"line":41,"column":9},"end":{"line":65,"column":4}},"19":{"start":{"line":41,"column":58},"end":{"line":65,"column":4}},"20":{"start":{"line":42,"column":19},"end":{"line":42,"column":40}},"21":{"start":{"line":44,"column":4},"end":{"line":46,"column":null}},"22":{"start":{"line":45,"column":6},"end":{"line":45,"column":67}},"23":{"start":{"line":50,"column":4},"end":{"line":54,"column":null}},"24":{"start":{"line":51,"column":6},"end":{"line":51,"column":63}},"25":{"start":{"line":53,"column":6},"end":{"line":53,"column":65}},"26":{"start":{"line":58,"column":4},"end":{"line":62,"column":null}},"27":{"start":{"line":59,"column":6},"end":{"line":59,"column":61}},"28":{"start":{"line":61,"column":6},"end":{"line":61,"column":60}},"29":{"start":{"line":64,"column":4},"end":{"line":64,"column":65}},"30":{"start":{"line":67,"column":9},"end":{"line":81,"column":4}},"31":{"start":{"line":67,"column":57},"end":{"line":81,"column":4}},"32":{"start":{"line":68,"column":19},"end":{"line":68,"column":40}},"33":{"start":{"line":70,"column":4},"end":{"line":72,"column":null}},"34":{"start":{"line":71,"column":6},"end":{"line":71,"column":67}},"35":{"start":{"line":74,"column":4},"end":{"line":80,"column":null}},"36":{"start":{"line":75,"column":33},"end":{"line":75,"column":72}},"37":{"start":{"line":76,"column":23},"end":{"line":76,"column":69}},"38":{"start":{"line":77,"column":6},"end":{"line":77,"column":61}},"39":{"start":{"line":79,"column":6},"end":{"line":79,"column":65}},"40":{"start":{"line":83,"column":9},"end":{"line":96,"column":4}},"41":{"start":{"line":83,"column":57},"end":{"line":96,"column":4}},"42":{"start":{"line":84,"column":19},"end":{"line":84,"column":40}},"43":{"start":{"line":86,"column":4},"end":{"line":88,"column":null}},"44":{"start":{"line":87,"column":6},"end":{"line":87,"column":67}},"45":{"start":{"line":90,"column":4},"end":{"line":95,"column":null}},"46":{"start":{"line":91,"column":24},"end":{"line":91,"column":52}},"47":{"start":{"line":92,"column":6},"end":{"line":92,"column":62}},"48":{"start":{"line":94,"column":6},"end":{"line":94,"column":65}},"49":{"start":{"line":98,"column":9},"end":{"line":130,"column":4}},"50":{"start":{"line":98,"column":56},"end":{"line":130,"column":4}},"51":{"start":{"line":99,"column":19},"end":{"line":99,"column":40}},"52":{"start":{"line":101,"column":4},"end":{"line":103,"column":null}},"53":{"start":{"line":102,"column":6},"end":{"line":102,"column":67}},"54":{"start":{"line":107,"column":4},"end":{"line":111,"column":null}},"55":{"start":{"line":108,"column":6},"end":{"line":108,"column":63}},"56":{"start":{"line":110,"column":6},"end":{"line":110,"column":65}},"57":{"start":{"line":115,"column":4},"end":{"line":119,"column":null}},"58":{"start":{"line":116,"column":6},"end":{"line":116,"column":65}},"59":{"start":{"line":118,"column":6},"end":{"line":118,"column":65}},"60":{"start":{"line":121,"column":4},"end":{"line":129,"column":null}},"61":{"start":{"line":122,"column":23},"end":{"line":122,"column":77}},"62":{"start":{"line":123,"column":6},"end":{"line":125,"column":null}},"63":{"start":{"line":124,"column":8},"end":{"line":124,"column":44}},"64":{"start":{"line":126,"column":6},"end":{"line":126,"column":61}},"65":{"start":{"line":128,"column":6},"end":{"line":128,"column":60}},"66":{"start":{"line":132,"column":9},"end":{"line":149,"column":4}},"67":{"start":{"line":132,"column":56},"end":{"line":149,"column":4}},"68":{"start":{"line":133,"column":19},"end":{"line":133,"column":40}},"69":{"start":{"line":135,"column":4},"end":{"line":137,"column":null}},"70":{"start":{"line":136,"column":6},"end":{"line":136,"column":67}},"71":{"start":{"line":139,"column":4},"end":{"line":148,"column":null}},"72":{"start":{"line":140,"column":23},"end":{"line":140,"column":68}},"73":{"start":{"line":141,"column":23},"end":{"line":141,"column":58}},"74":{"start":{"line":142,"column":6},"end":{"line":144,"column":null}},"75":{"start":{"line":143,"column":8},"end":{"line":143,"column":44}},"76":{"start":{"line":145,"column":6},"end":{"line":145,"column":61}},"77":{"start":{"line":147,"column":6},"end":{"line":147,"column":65}},"78":{"start":{"line":152,"column":0},"end":{"line":152,"column":34}}},"fnMap":{"0":{"name":"(anonymous_8)","decl":{"start":{"line":15,"column":2},"end":{"line":15,"column":null}},"loc":{"start":{"line":18,"column":52},"end":{"line":21,"column":3}}},"1":{"name":"(anonymous_9)","decl":{"start":{"line":23,"column":18},"end":{"line":23,"column":25}},"loc":{"start":{"line":23,"column":56},"end":{"line":39,"column":4}}},"2":{"name":"(anonymous_10)","decl":{"start":{"line":23,"column":56},"end":{"line":23,"column":null}},"loc":{"start":{"line":23,"column":56},"end":{"line":39,"column":3}}},"3":{"name":"(anonymous_11)","decl":{"start":{"line":41,"column":20},"end":{"line":41,"column":27}},"loc":{"start":{"line":41,"column":58},"end":{"line":65,"column":4}}},"4":{"name":"(anonymous_12)","decl":{"start":{"line":41,"column":58},"end":{"line":41,"column":null}},"loc":{"start":{"line":41,"column":58},"end":{"line":65,"column":3}}},"5":{"name":"(anonymous_13)","decl":{"start":{"line":67,"column":19},"end":{"line":67,"column":26}},"loc":{"start":{"line":67,"column":57},"end":{"line":81,"column":4}}},"6":{"name":"(anonymous_14)","decl":{"start":{"line":67,"column":57},"end":{"line":67,"column":null}},"loc":{"start":{"line":67,"column":57},"end":{"line":81,"column":3}}},"7":{"name":"(anonymous_15)","decl":{"start":{"line":83,"column":19},"end":{"line":83,"column":26}},"loc":{"start":{"line":83,"column":57},"end":{"line":96,"column":4}}},"8":{"name":"(anonymous_16)","decl":{"start":{"line":83,"column":57},"end":{"line":83,"column":null}},"loc":{"start":{"line":83,"column":57},"end":{"line":96,"column":3}}},"9":{"name":"(anonymous_17)","decl":{"start":{"line":98,"column":18},"end":{"line":98,"column":25}},"loc":{"start":{"line":98,"column":56},"end":{"line":130,"column":4}}},"10":{"name":"(anonymous_18)","decl":{"start":{"line":98,"column":56},"end":{"line":98,"column":null}},"loc":{"start":{"line":98,"column":56},"end":{"line":130,"column":3}}},"11":{"name":"(anonymous_19)","decl":{"start":{"line":132,"column":18},"end":{"line":132,"column":25}},"loc":{"start":{"line":132,"column":56},"end":{"line":149,"column":4}}},"12":{"name":"(anonymous_20)","decl":{"start":{"line":132,"column":56},"end":{"line":132,"column":null}},"loc":{"start":{"line":132,"column":56},"end":{"line":149,"column":3}}}},"branchMap":{"0":{"loc":{"start":{"line":26,"column":4},"end":{"line":28,"column":null}},"type":"if","locations":[{"start":{"line":26,"column":4},"end":{"line":28,"column":null}}]},"1":{"loc":{"start":{"line":32,"column":6},"end":{"line":34,"column":null}},"type":"if","locations":[{"start":{"line":32,"column":6},"end":{"line":34,"column":null}}]},"2":{"loc":{"start":{"line":44,"column":4},"end":{"line":46,"column":null}},"type":"if","locations":[{"start":{"line":44,"column":4},"end":{"line":46,"column":null}}]},"3":{"loc":{"start":{"line":70,"column":4},"end":{"line":72,"column":null}},"type":"if","locations":[{"start":{"line":70,"column":4},"end":{"line":72,"column":null}}]},"4":{"loc":{"start":{"line":86,"column":4},"end":{"line":88,"column":null}},"type":"if","locations":[{"start":{"line":86,"column":4},"end":{"line":88,"column":null}}]},"5":{"loc":{"start":{"line":101,"column":4},"end":{"line":103,"column":null}},"type":"if","locations":[{"start":{"line":101,"column":4},"end":{"line":103,"column":null}}]},"6":{"loc":{"start":{"line":123,"column":6},"end":{"line":125,"column":null}},"type":"if","locations":[{"start":{"line":123,"column":6},"end":{"line":125,"column":null}}]},"7":{"loc":{"start":{"line":135,"column":4},"end":{"line":137,"column":null}},"type":"if","locations":[{"start":{"line":135,"column":4},"end":{"line":137,"column":null}}]},"8":{"loc":{"start":{"line":142,"column":6},"end":{"line":144,"column":null}},"type":"if","locations":[{"start":{"line":142,"column":6},"end":{"line":144,"column":null}}]}},"s":{"0":6,"1":6,"2":34,"3":34,"4":34,"5":34,"6":34,"7":5,"8":5,"9":5,"10":1,"11":4,"12":4,"13":3,"14":1,"15":1,"16":1,"17":3,"18":34,"19":5,"20":5,"21":5,"22":1,"23":4,"24":4,"25":1,"26":3,"27":3,"28":2,"29":1,"30":34,"31":4,"32":4,"33":4,"34":1,"35":3,"36":3,"37":2,"38":1,"39":2,"40":34,"41":3,"42":3,"43":3,"44":1,"45":2,"46":2,"47":1,"48":1,"49":34,"50":6,"51":6,"52":6,"53":1,"54":5,"55":5,"56":2,"57":3,"58":3,"59":0,"60":3,"61":3,"62":1,"63":1,"64":1,"65":2,"66":34,"67":5,"68":5,"69":5,"70":1,"71":4,"72":4,"73":3,"74":1,"75":1,"76":1,"77":3,"78":6},"f":{"0":34,"1":5,"2":5,"3":5,"4":5,"5":4,"6":4,"7":3,"8":3,"9":6,"10":6,"11":5,"12":5},"b":{"0":[1],"1":[1],"2":[1],"3":[1],"4":[1],"5":[1],"6":[1],"7":[1],"8":[1]}}
,"/Users/john/Desktop/Local Coding Projects/cs3219-clone/services/question-service/src/events/producers/main.interface.ts": {"path":"/Users/john/Desktop/Local Coding Projects/cs3219-clone/services/question-service/src/events/producers/main.interface.ts","statementMap":{"0":{"start":{"line":10,"column":2},"end":{"line":17,"column":4}},"1":{"start":{"line":10,"column":74},"end":{"line":17,"column":4}},"2":{"start":{"line":11,"column":4},"end":{"line":11,"column":34}},"3":{"start":{"line":12,"column":4},"end":{"line":15,"column":7}},"4":{"start":{"line":16,"column":4},"end":{"line":16,"column":37}},"5":{"start":{"line":7,"column":4},"end":{"line":7,"column":29}},"6":{"start":{"line":24,"column":0},"end":{"line":24,"column":29}}},"fnMap":{"0":{"name":"(anonymous_7)","decl":{"start":{"line":6,"column":2},"end":{"line":6,"column":14}},"loc":{"start":{"line":6,"column":32},"end":{"line":8,"column":3}}},"1":{"name":"(anonymous_8)","decl":{"start":{"line":10,"column":14},"end":{"line":10,"column":21}},"loc":{"start":{"line":10,"column":74},"end":{"line":17,"column":4}}},"2":{"name":"(anonymous_9)","decl":{"start":{"line":10,"column":74},"end":{"line":10,"column":null}},"loc":{"start":{"line":10,"column":74},"end":{"line":17,"column":3}}}},"branchMap":{},"s":{"0":3,"1":3,"2":3,"3":3,"4":3,"5":3,"6":7},"f":{"0":3,"1":3,"2":3},"b":{}}
,"/Users/john/Desktop/Local Coding Projects/cs3219-clone/services/question-service/src/events/producers/question/producer.ts": {"path":"/Users/john/Desktop/Local Coding Projects/cs3219-clone/services/question-service/src/events/producers/question/producer.ts","statementMap":{"0":{"start":{"line":2,"column":0},"end":{"line":2,"column":51}},"1":{"start":{"line":3,"column":0},"end":{"line":3,"column":46}},"2":{"start":{"line":7,"column":4},"end":{"line":12,"column":7}},"3":{"start":{"line":16,"column":4},"end":{"line":21,"column":7}},"4":{"start":{"line":25,"column":4},"end":{"line":30,"column":7}},"5":{"start":{"line":34,"column":0},"end":{"line":34,"column":36}}},"fnMap":{"0":{"name":"(anonymous_1)","decl":{"start":{"line":6,"column":11},"end":{"line":6,"column":17}},"loc":{"start":{"line":6,"column":38},"end":{"line":13,"column":3}}},"1":{"name":"(anonymous_2)","decl":{"start":{"line":15,"column":11},"end":{"line":15,"column":17}},"loc":{"start":{"line":15,"column":38},"end":{"line":22,"column":3}}},"2":{"name":"(anonymous_3)","decl":{"start":{"line":24,"column":11},"end":{"line":24,"column":17}},"loc":{"start":{"line":24,"column":38},"end":{"line":31,"column":3}}}},"branchMap":{},"s":{"0":7,"1":7,"2":1,"3":1,"4":1,"5":7},"f":{"0":1,"1":1,"2":1},"b":{}}
,"/Users/john/Desktop/Local Coding Projects/cs3219-clone/services/question-service/src/events/topics/question/index.ts": {"path":"/Users/john/Desktop/Local Coding Projects/cs3219-clone/services/question-service/src/events/topics/question/index.ts","statementMap":{"0":{"start":{"line":1,"column":0},"end":{"line":1,"column":null}},"1":{"start":{"line":2,"column":2},"end":{"line":2,"column":null}},"2":{"start":{"line":3,"column":2},"end":{"line":3,"column":null}},"3":{"start":{"line":4,"column":2},"end":{"line":4,"column":null}},"4":{"start":{"line":5,"column":2},"end":{"line":5,"column":null}},"5":{"start":{"line":8,"column":0},"end":{"line":8,"column":30}}},"fnMap":{"0":{"name":"(anonymous_0)","decl":{"start":{"line":1,"column":0},"end":{"line":1,"column":5}},"loc":{"start":{"line":1,"column":19},"end":{"line":6,"column":1}}}},"branchMap":{"0":{"loc":{"start":{"line":1,"column":5},"end":{"line":1,"column":null}},"type":"binary-expr","locations":[{"start":{"line":1,"column":5},"end":{"line":1,"column":19}},{"start":{"line":1,"column":5},"end":{"line":1,"column":null}}]}},"s":{"0":7,"1":7,"2":7,"3":7,"4":7,"5":7},"f":{"0":7},"b":{"0":[7,7]}}
,"/Users/john/Desktop/Local Coding Projects/cs3219-clone/services/question-service/src/parsers/question/question.parser.ts": {"path":"/Users/john/Desktop/Local Coding Projects/cs3219-clone/services/question-service/src/parsers/question/question.parser.ts","statementMap":{"0":{"start":{"line":14,"column":4},"end":{"line":21,"column":null}},"1":{"start":{"line":20,"column":6},"end":{"line":20,"column":39}},"2":{"start":{"line":22,"column":4},"end":{"line":24,"column":null}},"3":{"start":{"line":23,"column":6},"end":{"line":23,"column":19}},"4":{"start":{"line":25,"column":4},"end":{"line":31,"column":7}},"5":{"start":{"line":26,"column":6},"end":{"line":30,"column":null}},"6":{"start":{"line":27,"column":8},"end":{"line":29,"column":10}},"7":{"start":{"line":32,"column":4},"end":{"line":34,"column":null}},"8":{"start":{"line":33,"column":6},"end":{"line":33,"column":19}},"9":{"start":{"line":35,"column":4},"end":{"line":41,"column":7}},"10":{"start":{"line":36,"column":6},"end":{"line":40,"column":null}},"11":{"start":{"line":37,"column":8},"end":{"line":39,"column":10}},"12":{"start":{"line":42,"column":4},"end":{"line":42,"column":17}},"13":{"start":{"line":46,"column":4},"end":{"line":46,"column":46}},"14":{"start":{"line":46,"column":13},"end":{"line":46,"column":46}},"15":{"start":{"line":47,"column":4},"end":{"line":47,"column":28}},"16":{"start":{"line":53,"column":4},"end":{"line":54,"column":39}},"17":{"start":{"line":54,"column":6},"end":{"line":54,"column":39}},"18":{"start":{"line":55,"column":47},"end":{"line":55,"column":49}},"19":{"start":{"line":56,"column":4},"end":{"line":58,"column":null}},"20":{"start":{"line":57,"column":6},"end":{"line":57,"column":69}},"21":{"start":{"line":59,"column":4},"end":{"line":61,"column":null}},"22":{"start":{"line":60,"column":6},"end":{"line":60,"column":38}},"23":{"start":{"line":62,"column":4},"end":{"line":64,"column":null}},"24":{"start":{"line":63,"column":6},"end":{"line":63,"column":42}},"25":{"start":{"line":65,"column":4},"end":{"line":67,"column":null}},"26":{"start":{"line":66,"column":6},"end":{"line":66,"column":44}},"27":{"start":{"line":68,"column":4},"end":{"line":70,"column":null}},"28":{"start":{"line":69,"column":6},"end":{"line":69,"column":48}},"29":{"start":{"line":71,"column":4},"end":{"line":73,"column":null}},"30":{"start":{"line":72,"column":6},"end":{"line":72,"column":44}},"31":{"start":{"line":74,"column":4},"end":{"line":76,"column":null}},"32":{"start":{"line":75,"column":6},"end":{"line":75,"column":50}},"33":{"start":{"line":77,"column":4},"end":{"line":82,"column":null}},"34":{"start":{"line":78,"column":6},"end":{"line":81,"column":10}},"35":{"start":{"line":78,"column":61},"end":{"line":80,"column":null}},"36":{"start":{"line":83,"column":4},"end":{"line":88,"column":null}},"37":{"start":{"line":84,"column":6},"end":{"line":87,"column":10}},"38":{"start":{"line":84,"column":63},"end":{"line":86,"column":null}},"39":{"start":{"line":89,"column":4},"end":{"line":89,"column":23}},"40":{"start":{"line":95,"column":56},"end":{"line":95,"column":58}},"41":{"start":{"line":96,"column":4},"end":{"line":96,"column":36}},"42":{"start":{"line":97,"column":4},"end":{"line":97,"column":40}},"43":{"start":{"line":98,"column":4},"end":{"line":98,"column":46}},"44":{"start":{"line":99,"column":4},"end":{"line":99,"column":42}},"45":{"start":{"line":100,"column":4},"end":{"line":100,"column":48}},"46":{"start":{"line":101,"column":4},"end":{"line":101,"column":48}},"47":{"start":{"line":102,"column":4},"end":{"line":102,"column":50}},"48":{"start":{"line":103,"column":4},"end":{"line":103,"column":23}},"49":{"start":{"line":107,"column":4},"end":{"line":107,"column":46}},"50":{"start":{"line":107,"column":13},"end":{"line":107,"column":46}},"51":{"start":{"line":108,"column":4},"end":{"line":108,"column":28}},"52":{"start":{"line":112,"column":0},"end":{"line":112,"column":30}}},"fnMap":{"0":{"name":"(anonymous_0)","decl":{"start":{"line":11,"column":9},"end":{"line":11,"column":25}},"loc":{"start":{"line":12,"column":49},"end":{"line":43,"column":3}}},"1":{"name":"(anonymous_1)","decl":{"start":{"line":25,"column":31},"end":{"line":25,"column":32}},"loc":{"start":{"line":25,"column":37},"end":{"line":31,"column":5}}},"2":{"name":"(anonymous_2)","decl":{"start":{"line":35,"column":30},"end":{"line":35,"column":31}},"loc":{"start":{"line":35,"column":36},"end":{"line":41,"column":5}}},"3":{"name":"(anonymous_3)","decl":{"start":{"line":45,"column":9},"end":{"line":45,"column":27}},"loc":{"start":{"line":45,"column":38},"end":{"line":48,"column":3}}},"4":{"name":"(anonymous_4)","decl":{"start":{"line":50,"column":9},"end":{"line":50,"column":26}},"loc":{"start":{"line":51,"column":49},"end":{"line":90,"column":3}}},"5":{"name":"(anonymous_5)","decl":{"start":{"line":78,"column":54},"end":{"line":78,"column":55}},"loc":{"start":{"line":78,"column":61},"end":{"line":80,"column":null}}},"6":{"name":"(anonymous_6)","decl":{"start":{"line":84,"column":56},"end":{"line":84,"column":57}},"loc":{"start":{"line":84,"column":63},"end":{"line":86,"column":null}}},"7":{"name":"(anonymous_7)","decl":{"start":{"line":92,"column":9},"end":{"line":92,"column":25}},"loc":{"start":{"line":93,"column":58},"end":{"line":104,"column":3}}},"8":{"name":"(anonymous_8)","decl":{"start":{"line":106,"column":9},"end":{"line":106,"column":25}},"loc":{"start":{"line":106,"column":36},"end":{"line":109,"column":3}}}},"branchMap":{"0":{"loc":{"start":{"line":14,"column":4},"end":{"line":21,"column":null}},"type":"if","locations":[{"start":{"line":14,"column":4},"end":{"line":21,"column":null}}]},"1":{"loc":{"start":{"line":15,"column":6},"end":{"line":18,"column":23}},"type":"binary-expr","locations":[{"start":{"line":15,"column":6},"end":{"line":15,"column":18}},{"start":{"line":16,"column":6},"end":{"line":16,"column":20}},{"start":{"line":17,"column":6},"end":{"line":17,"column":21}},{"start":{"line":18,"column":6},"end":{"line":18,"column":23}}]},"2":{"loc":{"start":{"line":22,"column":4},"end":{"line":24,"column":null}},"type":"if","locations":[{"start":{"line":22,"column":4},"end":{"line":24,"column":null}}]},"3":{"loc":{"start":{"line":26,"column":6},"end":{"line":30,"column":null}},"type":"if","locations":[{"start":{"line":26,"column":6},"end":{"line":30,"column":null}}]},"4":{"loc":{"start":{"line":26,"column":10},"end":{"line":26,"column":32}},"type":"binary-expr","locations":[{"start":{"line":26,"column":10},"end":{"line":26,"column":17}},{"start":{"line":26,"column":21},"end":{"line":26,"column":32}}]},"5":{"loc":{"start":{"line":32,"column":4},"end":{"line":34,"column":null}},"type":"if","locations":[{"start":{"line":32,"column":4},"end":{"line":34,"column":null}}]},"6":{"loc":{"start":{"line":36,"column":6},"end":{"line":40,"column":null}},"type":"if","locations":[{"start":{"line":36,"column":6},"end":{"line":40,"column":null}}]},"7":{"loc":{"start":{"line":36,"column":10},"end":{"line":36,"column":32}},"type":"binary-expr","locations":[{"start":{"line":36,"column":10},"end":{"line":36,"column":17}},{"start":{"line":36,"column":21},"end":{"line":36,"column":32}}]},"8":{"loc":{"start":{"line":46,"column":4},"end":{"line":46,"column":46}},"type":"if","locations":[{"start":{"line":46,"column":4},"end":{"line":46,"column":46}}]},"9":{"loc":{"start":{"line":53,"column":4},"end":{"line":54,"column":39}},"type":"if","locations":[{"start":{"line":53,"column":4},"end":{"line":54,"column":39}}]},"10":{"loc":{"start":{"line":53,"column":8},"end":{"line":53,"column":48}},"type":"binary-expr","locations":[{"start":{"line":53,"column":8},"end":{"line":53,"column":14}},{"start":{"line":53,"column":18},"end":{"line":53,"column":48}}]},"11":{"loc":{"start":{"line":56,"column":4},"end":{"line":58,"column":null}},"type":"if","locations":[{"start":{"line":56,"column":4},"end":{"line":58,"column":null}}]},"12":{"loc":{"start":{"line":57,"column":23},"end":{"line":57,"column":68}},"type":"cond-expr","locations":[{"start":{"line":57,"column":34},"end":{"line":57,"column":56}},{"start":{"line":57,"column":59},"end":{"line":57,"column":68}}]},"13":{"loc":{"start":{"line":59,"column":4},"end":{"line":61,"column":null}},"type":"if","locations":[{"start":{"line":59,"column":4},"end":{"line":61,"column":null}}]},"14":{"loc":{"start":{"line":62,"column":4},"end":{"line":64,"column":null}},"type":"if","locations":[{"start":{"line":62,"column":4},"end":{"line":64,"column":null}}]},"15":{"loc":{"start":{"line":65,"column":4},"end":{"line":67,"column":null}},"type":"if","locations":[{"start":{"line":65,"column":4},"end":{"line":67,"column":null}}]},"16":{"loc":{"start":{"line":68,"column":4},"end":{"line":70,"column":null}},"type":"if","locations":[{"start":{"line":68,"column":4},"end":{"line":70,"column":null}}]},"17":{"loc":{"start":{"line":71,"column":4},"end":{"line":73,"column":null}},"type":"if","locations":[{"start":{"line":71,"column":4},"end":{"line":73,"column":null}}]},"18":{"loc":{"start":{"line":74,"column":4},"end":{"line":76,"column":null}},"type":"if","locations":[{"start":{"line":74,"column":4},"end":{"line":76,"column":null}}]},"19":{"loc":{"start":{"line":77,"column":4},"end":{"line":82,"column":null}},"type":"if","locations":[{"start":{"line":77,"column":4},"end":{"line":82,"column":null}}]},"20":{"loc":{"start":{"line":77,"column":8},"end":{"line":77,"column":37}},"type":"binary-expr","locations":[{"start":{"line":77,"column":8},"end":{"line":77,"column":16}},{"start":{"line":77,"column":20},"end":{"line":77,"column":37}}]},"21":{"loc":{"start":{"line":83,"column":4},"end":{"line":88,"column":null}},"type":"if","locations":[{"start":{"line":83,"column":4},"end":{"line":88,"column":null}}]},"22":{"loc":{"start":{"line":83,"column":8},"end":{"line":83,"column":38}},"type":"binary-expr","locations":[{"start":{"line":83,"column":8},"end":{"line":83,"column":16}},{"start":{"line":83,"column":20},"end":{"line":83,"column":38}}]},"23":{"loc":{"start":{"line":107,"column":4},"end":{"line":107,"column":46}},"type":"if","locations":[{"start":{"line":107,"column":4},"end":{"line":107,"column":46}}]}},"s":{"0":5,"1":4,"2":1,"3":0,"4":1,"5":1,"6":0,"7":1,"8":0,"9":1,"10":1,"11":0,"12":1,"13":2,"14":1,"15":1,"16":9,"17":1,"18":8,"19":8,"20":3,"21":8,"22":1,"23":8,"24":1,"25":8,"26":0,"27":8,"28":1,"29":8,"30":1,"31":8,"32":1,"33":8,"34":1,"35":1,"36":8,"37":1,"38":1,"39":8,"40":1,"41":1,"42":1,"43":1,"44":1,"45":1,"46":1,"47":1,"48":1,"49":2,"50":1,"51":1,"52":11},"f":{"0":5,"1":1,"2":1,"3":2,"4":9,"5":1,"6":1,"7":1,"8":2},"b":{"0":[4],"1":[5,4,3,2],"2":[0],"3":[0],"4":[1,1],"5":[0],"6":[0],"7":[1,1],"8":[1],"9":[1],"10":[9,9],"11":[3],"12":[3,0],"13":[1],"14":[1],"15":[0],"16":[1],"17":[1],"18":[1],"19":[1],"20":[8,3],"21":[1],"22":[8,3],"23":[1]}}
,"/Users/john/Desktop/Local Coding Projects/cs3219-clone/services/question-service/src/services/question/question.service.ts": {"path":"/Users/john/Desktop/Local Coding Projects/cs3219-clone/services/question-service/src/services/question/question.service.ts","statementMap":{"0":{"start":{"line":2,"column":0},"end":{"line":2,"column":28}},"1":{"start":{"line":17,"column":31},"end":{"line":17,"column":57}},"2":{"start":{"line":20,"column":51},"end":{"line":20,"column":55}},"3":{"start":{"line":20,"column":46},"end":{"line":20,"column":51}},"4":{"start":{"line":21,"column":4},"end":{"line":40,"column":null}},"5":{"start":{"line":22,"column":23},"end":{"line":36,"column":8}},"6":{"start":{"line":37,"column":6},"end":{"line":37,"column":22}},"7":{"start":{"line":39,"column":6},"end":{"line":39,"column":52}},"8":{"start":{"line":44,"column":4},"end":{"line":47,"column":6}},"9":{"start":{"line":48,"column":4},"end":{"line":61,"column":null}},"10":{"start":{"line":49,"column":23},"end":{"line":57,"column":8}},"11":{"start":{"line":58,"column":6},"end":{"line":58,"column":22}},"12":{"start":{"line":60,"column":6},"end":{"line":60,"column":50}},"13":{"start":{"line":67,"column":74},"end":{"line":67,"column":78}},"14":{"start":{"line":67,"column":69},"end":{"line":67,"column":74}},"15":{"start":{"line":68,"column":4},"end":{"line":79,"column":null}},"16":{"start":{"line":69,"column":23},"end":{"line":75,"column":8}},"17":{"start":{"line":76,"column":6},"end":{"line":76,"column":22}},"18":{"start":{"line":78,"column":6},"end":{"line":78,"column":50}},"19":{"start":{"line":83,"column":4},"end":{"line":93,"column":null}},"20":{"start":{"line":84,"column":24},"end":{"line":89,"column":8}},"21":{"start":{"line":90,"column":6},"end":{"line":90,"column":23}},"22":{"start":{"line":92,"column":6},"end":{"line":92,"column":51}},"23":{"start":{"line":100,"column":4},"end":{"line":100,"column":77}},"24":{"start":{"line":101,"column":51},"end":{"line":101,"column":55}},"25":{"start":{"line":101,"column":46},"end":{"line":101,"column":51}},"26":{"start":{"line":102,"column":4},"end":{"line":205,"column":null}},"27":{"start":{"line":103,"column":40},"end":{"line":115,"column":null}},"28":{"start":{"line":118,"column":6},"end":{"line":120,"column":null}},"29":{"start":{"line":119,"column":8},"end":{"line":119,"column":41}},"30":{"start":{"line":122,"column":38},"end":{"line":122,"column":63}},"31":{"start":{"line":124,"column":6},"end":{"line":161,"column":null}},"32":{"start":{"line":125,"column":8},"end":{"line":134,"column":11}},"33":{"start":{"line":135,"column":8},"end":{"line":160,"column":11}},"34":{"start":{"line":141,"column":56},"end":{"line":153,"column":16}},"35":{"start":{"line":163,"column":6},"end":{"line":200,"column":null}},"36":{"start":{"line":164,"column":8},"end":{"line":173,"column":11}},"37":{"start":{"line":174,"column":8},"end":{"line":199,"column":11}},"38":{"start":{"line":180,"column":55},"end":{"line":192,"column":16}},"39":{"start":{"line":202,"column":6},"end":{"line":202,"column":39}},"40":{"start":{"line":204,"column":6},"end":{"line":204,"column":52}},"41":{"start":{"line":209,"column":4},"end":{"line":209,"column":77}},"42":{"start":{"line":210,"column":4},"end":{"line":222,"column":null}},"43":{"start":{"line":211,"column":6},"end":{"line":219,"column":9}},"44":{"start":{"line":221,"column":6},"end":{"line":221,"column":52}},"45":{"start":{"line":226,"column":0},"end":{"line":226,"column":31}}},"fnMap":{"0":{"name":"(anonymous_9)","decl":{"start":{"line":17,"column":2},"end":{"line":17,"column":31}},"loc":{"start":{"line":17,"column":57},"end":{"line":17,"column":61}}},"1":{"name":"(anonymous_10)","decl":{"start":{"line":19,"column":15},"end":{"line":19,"column":21}},"loc":{"start":{"line":19,"column":49},"end":{"line":41,"column":null}}},"2":{"name":"(anonymous_12)","decl":{"start":{"line":43,"column":15},"end":{"line":43,"column":23}},"loc":{"start":{"line":43,"column":34},"end":{"line":62,"column":null}}},"3":{"name":"(anonymous_14)","decl":{"start":{"line":64,"column":15},"end":{"line":64,"column":22}},"loc":{"start":{"line":65,"column":31},"end":{"line":80,"column":null}}},"4":{"name":"(anonymous_16)","decl":{"start":{"line":82,"column":15},"end":{"line":82,"column":22}},"loc":{"start":{"line":82,"column":22},"end":{"line":94,"column":null}}},"5":{"name":"(anonymous_18)","decl":{"start":{"line":96,"column":15},"end":{"line":96,"column":21}},"loc":{"start":{"line":98,"column":40},"end":{"line":206,"column":null}}},"6":{"name":"(anonymous_20)","decl":{"start":{"line":141,"column":48},"end":{"line":141,"column":49}},"loc":{"start":{"line":141,"column":56},"end":{"line":153,"column":16}}},"7":{"name":"(anonymous_21)","decl":{"start":{"line":180,"column":47},"end":{"line":180,"column":48}},"loc":{"start":{"line":180,"column":55},"end":{"line":192,"column":16}}},"8":{"name":"(anonymous_22)","decl":{"start":{"line":208,"column":15},"end":{"line":208,"column":21}},"loc":{"start":{"line":208,"column":32},"end":{"line":223,"column":null}}}},"branchMap":{"0":{"loc":{"start":{"line":118,"column":6},"end":{"line":120,"column":null}},"type":"if","locations":[{"start":{"line":118,"column":6},"end":{"line":120,"column":null}}]},"1":{"loc":{"start":{"line":118,"column":10},"end":{"line":118,"column":39}},"type":"binary-expr","locations":[{"start":{"line":118,"column":10},"end":{"line":118,"column":23}},{"start":{"line":118,"column":27},"end":{"line":118,"column":39}}]},"2":{"loc":{"start":{"line":124,"column":6},"end":{"line":161,"column":null}},"type":"if","locations":[{"start":{"line":124,"column":6},"end":{"line":161,"column":null}}]},"3":{"loc":{"start":{"line":163,"column":6},"end":{"line":200,"column":null}},"type":"if","locations":[{"start":{"line":163,"column":6},"end":{"line":200,"column":null}}]}},"s":{"0":7,"1":6,"2":1,"3":1,"4":1,"5":1,"6":1,"7":0,"8":1,"9":1,"10":1,"11":1,"12":0,"13":1,"14":1,"15":1,"16":1,"17":1,"18":0,"19":1,"20":1,"21":1,"22":0,"23":1,"24":1,"25":1,"26":1,"27":1,"28":1,"29":0,"30":1,"31":1,"32":1,"33":1,"34":1,"35":1,"36":1,"37":1,"38":1,"39":1,"40":0,"41":1,"42":1,"43":1,"44":0,"45":7},"f":{"0":6,"1":1,"2":1,"3":1,"4":1,"5":1,"6":1,"7":1,"8":1},"b":{"0":[0],"1":[1,0],"2":[1],"3":[1]}}
,"/Users/john/Desktop/Local Coding Projects/cs3219-clone/services/question-service/src/util/stringfy.ts": {"path":"/Users/john/Desktop/Local Coding Projects/cs3219-clone/services/question-service/src/util/stringfy.ts","statementMap":{"0":{"start":{"line":4,"column":2},"end":{"line":4,"column":78}},"1":{"start":{"line":8,"column":26},"end":{"line":8,"column":50}},"2":{"start":{"line":10,"column":2},"end":{"line":29,"column":null}},"3":{"start":{"line":11,"column":4},"end":{"line":28,"column":null}},"4":{"start":{"line":12,"column":20},"end":{"line":12,"column":28}},"5":{"start":{"line":14,"column":6},"end":{"line":27,"column":null}},"6":{"start":{"line":15,"column":8},"end":{"line":17,"column":44}},"7":{"start":{"line":16,"column":10},"end":{"line":16,"column":57}},"8":{"start":{"line":18,"column":13},"end":{"line":27,"column":null}},"9":{"start":{"line":19,"column":8},"end":{"line":20,"column":64}},"10":{"start":{"line":21,"column":13},"end":{"line":27,"column":null}},"11":{"start":{"line":22,"column":8},"end":{"line":24,"column":44}},"12":{"start":{"line":26,"column":8},"end":{"line":26,"column":79}},"13":{"start":{"line":31,"column":2},"end":{"line":31,"column":25}},"14":{"start":{"line":34,"column":0},"end":{"line":34,"column":25}}},"fnMap":{"0":{"name":"isObject","decl":{"start":{"line":3,"column":9},"end":{"line":3,"column":17}},"loc":{"start":{"line":3,"column":28},"end":{"line":5,"column":1}}},"1":{"name":"stringify","decl":{"start":{"line":7,"column":9},"end":{"line":7,"column":18}},"loc":{"start":{"line":7,"column":28},"end":{"line":32,"column":1}}},"2":{"name":"(anonymous_2)","decl":{"start":{"line":15,"column":41},"end":{"line":15,"column":42}},"loc":{"start":{"line":16,"column":10},"end":{"line":16,"column":57}}}},"branchMap":{"0":{"loc":{"start":{"line":4,"column":9},"end":{"line":4,"column":77}},"type":"binary-expr","locations":[{"start":{"line":4,"column":9},"end":{"line":4,"column":34}},{"start":{"line":4,"column":38},"end":{"line":4,"column":52}},{"start":{"line":4,"column":56},"end":{"line":4,"column":77}}]},"1":{"loc":{"start":{"line":11,"column":4},"end":{"line":28,"column":null}},"type":"if","locations":[{"start":{"line":11,"column":4},"end":{"line":28,"column":null}}]},"2":{"loc":{"start":{"line":14,"column":6},"end":{"line":27,"column":null}},"type":"if","locations":[{"start":{"line":14,"column":6},"end":{"line":27,"column":null}},{"start":{"line":18,"column":13},"end":{"line":27,"column":null}}]},"3":{"loc":{"start":{"line":16,"column":10},"end":{"line":16,"column":57}},"type":"cond-expr","locations":[{"start":{"line":16,"column":27},"end":{"line":16,"column":42}},{"start":{"line":16,"column":45},"end":{"line":16,"column":57}}]},"4":{"loc":{"start":{"line":18,"column":13},"end":{"line":27,"column":null}},"type":"if","locations":[{"start":{"line":18,"column":13},"end":{"line":27,"column":null}},{"start":{"line":21,"column":13},"end":{"line":27,"column":null}}]},"5":{"loc":{"start":{"line":21,"column":13},"end":{"line":27,"column":null}},"type":"if","locations":[{"start":{"line":21,"column":13},"end":{"line":27,"column":null}},{"start":{"line":25,"column":13},"end":{"line":27,"column":null}}]}},"s":{"0":15,"1":3,"2":3,"3":17,"4":17,"5":17,"6":4,"7":4,"8":13,"9":2,"10":11,"11":0,"12":11,"13":3,"14":1},"f":{"0":15,"1":3,"2":4},"b":{"0":[15,2,2],"1":[17],"2":[4,13],"3":[2,2],"4":[2,11],"5":[0,11]}}
}
