TN:
SF:src/controllers/controller.abstract.ts
FN:6,(anonymous_1)
FN:16,(anonymous_2)
FN:20,(anonymous_3)
FN:27,(anonymous_4)
FN:34,(anonymous_5)
FN:41,(anonymous_6)
FNF:6
FNH:5
FNDA:6,(anonymous_1)
FNDA:12,(anonymous_2)
FNDA:12,(anonymous_3)
FNDA:0,(anonymous_4)
FNDA:4,(anonymous_5)
FNDA:6,(anonymous_6)
DA:3,6
DA:10,6
DA:17,12
DA:21,12
DA:28,0
DA:35,4
DA:42,6
DA:46,6
LF:8
LH:7
BRF:0
BRH:0
end_of_record
TN:
SF:src/controllers/question/question.controller.ts
FN:15,(anonymous_8)
FN:23,(anonymous_9)
FN:23,(anonymous_10)
FN:41,(anonymous_11)
FN:41,(anonymous_12)
FN:67,(anonymous_13)
FN:67,(anonymous_14)
FN:83,(anonymous_15)
FN:83,(anonymous_16)
FN:98,(anonymous_17)
FN:98,(anonymous_18)
FN:132,(anonymous_19)
FN:132,(anonymous_20)
FNF:13
FNH:13
FNDA:34,(anonymous_8)
FNDA:5,(anonymous_9)
FNDA:5,(anonymous_10)
FNDA:5,(anonymous_11)
FNDA:5,(anonymous_12)
FNDA:4,(anonymous_13)
FNDA:4,(anonymous_14)
FNDA:3,(anonymous_15)
FNDA:3,(anonymous_16)
FNDA:6,(anonymous_17)
FNDA:6,(anonymous_18)
FNDA:5,(anonymous_19)
FNDA:5,(anonymous_20)
DA:2,6
DA:10,6
DA:16,34
DA:17,34
DA:18,34
DA:20,34
DA:23,34
DA:24,5
DA:26,5
DA:27,1
DA:29,4
DA:30,4
DA:31,3
DA:32,1
DA:33,1
DA:35,1
DA:37,3
DA:41,34
DA:42,5
DA:44,5
DA:45,1
DA:50,4
DA:51,4
DA:53,1
DA:58,3
DA:59,3
DA:61,2
DA:64,1
DA:67,34
DA:68,4
DA:70,4
DA:71,1
DA:74,3
DA:75,3
DA:76,2
DA:77,1
DA:79,2
DA:83,34
DA:84,3
DA:86,3
DA:87,1
DA:90,2
DA:91,2
DA:92,1
DA:94,1
DA:98,34
DA:99,6
DA:101,6
DA:102,1
DA:107,5
DA:108,5
DA:110,2
DA:115,3
DA:116,3
DA:118,0
DA:121,3
DA:122,3
DA:123,1
DA:124,1
DA:126,1
DA:128,2
DA:132,34
DA:133,5
DA:135,5
DA:136,1
DA:139,4
DA:140,4
DA:141,3
DA:142,1
DA:143,1
DA:145,1
DA:147,3
DA:152,6
LF:73
LH:72
BRDA:26,0,0,1
BRDA:32,1,0,1
BRDA:44,2,0,1
BRDA:70,3,0,1
BRDA:86,4,0,1
BRDA:101,5,0,1
BRDA:123,6,0,1
BRDA:135,7,0,1
BRDA:142,8,0,1
BRF:9
BRH:9
end_of_record
TN:
SF:src/events/producers/main.interface.ts
FN:6,(anonymous_7)
FN:10,(anonymous_8)
FN:10,(anonymous_9)
FNF:3
FNH:3
FNDA:3,(anonymous_7)
FNDA:3,(anonymous_8)
FNDA:3,(anonymous_9)
DA:7,3
DA:10,3
DA:11,3
DA:12,3
DA:16,3
DA:24,7
LF:6
LH:6
BRF:0
BRH:0
end_of_record
TN:
SF:src/events/producers/question/producer.ts
FN:6,(anonymous_1)
FN:15,(anonymous_2)
FN:24,(anonymous_3)
FNF:3
FNH:3
FNDA:1,(anonymous_1)
FNDA:1,(anonymous_2)
FNDA:1,(anonymous_3)
DA:2,7
DA:3,7
DA:7,1
DA:16,1
DA:25,1
DA:34,7
LF:6
LH:6
BRF:0
BRH:0
end_of_record
TN:
SF:src/events/topics/question/index.ts
FN:1,(anonymous_0)
FNF:1
FNH:1
FNDA:7,(anonymous_0)
DA:1,7
DA:2,7
DA:3,7
DA:4,7
DA:5,7
DA:8,7
LF:6
LH:6
BRDA:1,0,0,7
BRDA:1,0,1,7
BRF:2
BRH:2
end_of_record
TN:
SF:src/parsers/question/question.parser.ts
FN:11,(anonymous_0)
FN:25,(anonymous_1)
FN:35,(anonymous_2)
FN:45,(anonymous_3)
FN:50,(anonymous_4)
FN:78,(anonymous_5)
FN:84,(anonymous_6)
FN:92,(anonymous_7)
FN:106,(anonymous_8)
FNF:9
FNH:9
FNDA:5,(anonymous_0)
FNDA:1,(anonymous_1)
FNDA:1,(anonymous_2)
FNDA:2,(anonymous_3)
FNDA:9,(anonymous_4)
FNDA:1,(anonymous_5)
FNDA:1,(anonymous_6)
FNDA:1,(anonymous_7)
FNDA:2,(anonymous_8)
DA:14,5
DA:20,4
DA:22,1
DA:23,0
DA:25,1
DA:26,1
DA:27,0
DA:32,1
DA:33,0
DA:35,1
DA:36,1
DA:37,0
DA:42,1
DA:46,2
DA:47,1
DA:53,9
DA:54,1
DA:55,8
DA:56,8
DA:57,3
DA:59,8
DA:60,1
DA:62,8
DA:63,1
DA:65,8
DA:66,0
DA:68,8
DA:69,1
DA:71,8
DA:72,1
DA:74,8
DA:75,1
DA:77,8
DA:78,1
DA:83,8
DA:84,1
DA:89,8
DA:95,1
DA:96,1
DA:97,1
DA:98,1
DA:99,1
DA:100,1
DA:101,1
DA:102,1
DA:103,1
DA:107,2
DA:108,1
DA:112,11
LF:49
LH:44
BRDA:14,0,0,4
BRDA:15,1,0,5
BRDA:15,1,1,4
BRDA:15,1,2,3
BRDA:15,1,3,2
BRDA:22,2,0,0
BRDA:26,3,0,0
BRDA:26,4,0,1
BRDA:26,4,1,1
BRDA:32,5,0,0
BRDA:36,6,0,0
BRDA:36,7,0,1
BRDA:36,7,1,1
BRDA:46,8,0,1
BRDA:53,9,0,1
BRDA:53,10,0,9
BRDA:53,10,1,9
BRDA:56,11,0,3
BRDA:57,12,0,3
BRDA:57,12,1,0
BRDA:59,13,0,1
BRDA:62,14,0,1
BRDA:65,15,0,0
BRDA:68,16,0,1
BRDA:71,17,0,1
BRDA:74,18,0,1
BRDA:77,19,0,1
BRDA:77,20,0,8
BRDA:77,20,1,3
BRDA:83,21,0,1
BRDA:83,22,0,8
BRDA:83,22,1,3
BRDA:107,23,0,1
BRF:33
BRH:27
end_of_record
TN:
SF:src/services/question/question.service.ts
FN:17,(anonymous_9)
FN:19,(anonymous_10)
FN:43,(anonymous_12)
FN:64,(anonymous_14)
FN:82,(anonymous_16)
FN:96,(anonymous_18)
FN:141,(anonymous_20)
FN:180,(anonymous_21)
FN:208,(anonymous_22)
FNF:9
FNH:9
FNDA:6,(anonymous_9)
FNDA:1,(anonymous_10)
FNDA:1,(anonymous_12)
FNDA:1,(anonymous_14)
FNDA:1,(anonymous_16)
FNDA:1,(anonymous_18)
FNDA:1,(anonymous_20)
FNDA:1,(anonymous_21)
FNDA:1,(anonymous_22)
DA:2,7
DA:17,6
DA:20,1
DA:21,1
DA:22,1
DA:37,1
DA:39,0
DA:44,1
DA:48,1
DA:49,1
DA:58,1
DA:60,0
DA:67,1
DA:68,1
DA:69,1
DA:76,1
DA:78,0
DA:83,1
DA:84,1
DA:90,1
DA:92,0
DA:100,1
DA:101,1
DA:102,1
DA:103,1
DA:118,1
DA:119,0
DA:122,1
DA:124,1
DA:125,1
DA:135,1
DA:141,1
DA:163,1
DA:164,1
DA:174,1
DA:180,1
DA:202,1
DA:204,0
DA:209,1
DA:210,1
DA:211,1
DA:221,0
DA:226,7
LF:43
LH:36
BRDA:118,0,0,0
BRDA:118,1,0,1
BRDA:118,1,1,0
BRDA:124,2,0,1
BRDA:163,3,0,1
BRF:5
BRH:3
end_of_record
TN:
SF:src/util/stringfy.ts
FN:3,isObject
FN:7,stringify
FN:15,(anonymous_2)
FNF:3
FNH:3
FNDA:15,isObject
FNDA:3,stringify
FNDA:4,(anonymous_2)
DA:4,15
DA:8,3
DA:10,3
DA:11,17
DA:12,17
DA:14,17
DA:15,4
DA:16,4
DA:18,13
DA:19,2
DA:21,11
DA:22,0
DA:26,11
DA:31,3
DA:34,1
LF:15
LH:14
BRDA:4,0,0,15
BRDA:4,0,1,2
BRDA:4,0,2,2
BRDA:11,1,0,17
BRDA:14,2,0,4
BRDA:14,2,1,13
BRDA:16,3,0,2
BRDA:16,3,1,2
BRDA:18,4,0,2
BRDA:18,4,1,11
BRDA:21,5,0,0
BRDA:21,5,1,11
BRF:12
BRH:11
end_of_record
